<?xml version="1.0" encoding="UTF-8"?>
<!-- Generated by org.testng.reporters.JUnitXMLReporter -->
<testsuite ignored="0" hostname="DESKTOP-IGE51B4" failures="1" tests="2" name="FirefoxTest" time="8.049" errors="0" timestamp="2023-06-05T14:27:08 IST">
  <testcase classname="com.test.CrossBrowserTest" name="launch" time="0.002">
    <failure type="java.lang.NullPointerException" message="Cannot invoke &amp;quot;org.openqa.selenium.WebDriver.get(String)&amp;quot; because &amp;quot;this.driver&amp;quot; is null">
      <![CDATA[java.lang.NullPointerException: Cannot invoke "org.openqa.selenium.WebDriver.get(String)" because "this.driver" is null
at com.test.CrossBrowserTest.launch(CrossBrowserTest.java:39)
at java.base/java.util.ArrayList.forEach(ArrayList.java:1511)
... Removed 25 stack frames]]>
    </failure>
  </testcase> <!-- launch -->
  <testcase classname="com.test.CrossBrowserTest" name="launchBrowser" time="7.522"/>
</testsuite> <!-- FirefoxTest -->
